0 verbose cli /Users/apple/.nvm/versions/node/v23.3.0/bin/node /Users/apple/.nvm/versions/node/v23.3.0/bin/npm
1 info using npm@10.9.0
2 info using node@v23.3.0
3 silly config load:file:/Users/apple/.nvm/versions/node/v23.3.0/lib/node_modules/npm/npmrc
4 silly config load:file:/Users/apple/Desktop/AAsharing/contracts/.npmrc
5 silly config load:file:/Users/apple/.npmrc
6 silly config load:file:/Users/apple/.nvm/versions/node/v23.3.0/etc/npmrc
7 verbose title npm init
8 verbose argv "init" "--yes"
9 verbose logfile logs-max:10 dir:/Users/apple/Desktop/AAsharing/contracts/.npm-cache/_logs/2025-07-05T09_43_12_379Z-
10 verbose logfile /Users/apple/Desktop/AAsharing/contracts/.npm-cache/_logs/2025-07-05T09_43_12_379Z-debug-0.log
11 silly logfile done cleaning log files
12 silly package data {
12 silly package data   name: 'aa-sharing-contracts',
12 silly package data   version: '1.0.0',
12 silly package data   private: true,
12 silly package data   scripts: {
12 silly package data     compile: 'hardhat compile',
12 silly package data     deploy: 'hardhat run scripts/deploy-flow.js --network flow-mainnet',
12 silly package data     verify: 'hardhat verify --network flow-mainnet'
12 silly package data   },
12 silly package data   devDependencies: {
12 silly package data     '@nomicfoundation/hardhat-toolbox': '^4.0.0',
12 silly package data     '@openzeppelin/contracts': '^5.0.0',
12 silly package data     hardhat: '^2.19.0',
12 silly package data     dotenv: '^16.3.1'
12 silly package data   },
12 silly package data   main: 'deploy-simple.js',
12 silly package data   dependencies: {
12 silly package data     abbrev: '^1.0.9',
12 silly package data     acorn: '^8.15.0',
12 silly package data     'acorn-walk': '^8.3.4',
12 silly package data     'adm-zip': '^0.4.16',
12 silly package data     'aes-js': '^4.0.0-beta.5',
12 silly package data     'agent-base': '^6.0.2',
12 silly package data     'aggregate-error': '^3.1.0',
12 silly package data     ajv: '^8.17.1',
12 silly package data     amdefine: '^1.0.1',
12 silly package data     'ansi-align': '^3.0.1',
12 silly package data     'ansi-colors': '^4.1.3',
12 silly package data     'ansi-escapes': '^4.3.2',
12 silly package data     'ansi-regex': '^5.0.1',
12 silly package data     'ansi-styles': '^4.3.0',
12 silly package data     antlr4ts: '^0.5.0-alpha.4',
12 silly package data     anymatch: '^3.1.3',
12 silly package data     arg: '^4.1.3',
12 silly package data     argparse: '^2.0.1',
12 silly package data     'array-back': '^3.1.0',
12 silly package data     'array-union': '^2.1.0',
12 silly package data     'array-uniq': '^1.0.3',
12 silly package data     asap: '^2.0.6',
12 silly package data     'assertion-error': '^1.1.0',
12 silly package data     'astral-regex': '^2.0.0',
12 silly package data     async: '^1.5.2',
12 silly package data     asynckit: '^0.4.0',
12 silly package data     'at-least-node': '^1.0.0',
12 silly package data     'available-typed-arrays': '^1.0.7',
12 silly package data     axios: '^1.10.0',
12 silly package data     'balanced-match': '^1.0.2',
12 silly package data     'base-x': '^3.0.11',
12 silly package data     bech32: '^1.1.4',
12 silly package data     'binary-extensions': '^2.3.0',
12 silly package data     blakejs: '^1.2.1',
12 silly package data     'bn.js': '^5.2.2',
12 silly package data     boxen: '^5.1.2',
12 silly package data     'brace-expansion': '^2.0.2',
12 silly package data     braces: '^3.0.3',
12 silly package data     brorand: '^1.1.0',
12 silly package data     'browser-stdout': '^1.3.1',
12 silly package data     'browserify-aes': '^1.2.0',
12 silly package data     bs58: '^4.0.1',
12 silly package data     bs58check: '^2.1.2',
12 silly package data     'buffer-from': '^1.1.2',
12 silly package data     'buffer-xor': '^1.0.3',
12 silly package data     bytes: '^3.1.2',
12 silly package data     'call-bind': '^1.0.8',
12 silly package data     'call-bind-apply-helpers': '^1.0.2',
12 silly package data     'call-bound': '^1.0.4',
12 silly package data     camelcase: '^6.3.0',
12 silly package data     caseless: '^0.12.0',
12 silly package data     cbor: '^8.1.0',
12 silly package data     chai: '^4.5.0',
12 silly package data     'chai-as-promised': '^7.1.2',
12 silly package data     chalk: '^4.1.2',
12 silly package data     charenc: '^0.0.2',
12 silly package data     'check-error': '^1.0.3',
12 silly package data     chokidar: '^4.0.3',
12 silly package data     'ci-info': '^2.0.0',
12 silly package data     'cipher-base': '^1.0.6',
12 silly package data     'clean-stack': '^2.2.0',
12 silly package data     'cli-boxes': '^2.2.1',
12 silly package data     'cli-table3': '^0.5.1',
12 silly package data     cliui: '^7.0.4',
12 silly package data     'color-convert': '^2.0.1',
12 silly package data     'color-name': '^1.1.4',
12 silly package data     colors: '^1.4.0',
12 silly package data     'combined-stream': '^1.0.8',
12 silly package data     'command-exists': '^1.2.9',
12 silly package data     'command-line-args': '^5.2.1',
12 silly package data     'command-line-usage': '^6.1.3',
12 silly package data     commander: '^8.3.0',
12 silly package data     'concat-map': '^0.0.1',
12 silly package data     'concat-stream': '^1.6.2',
12 silly package data     cookie: '^0.4.2',
12 silly package data     'core-util-is': '^1.0.3',
12 silly package data     'create-hash': '^1.2.0',
12 silly package data     'create-hmac': '^1.1.7',
12 silly package data     'create-require': '^1.1.1',
12 silly package data     crypt: '^0.0.2',
12 silly package data     death: '^1.1.0',
12 silly package data     debug: '^4.4.1',
12 silly package data     decamelize: '^4.0.0',
12 silly package data     'deep-eql': '^4.1.4',
12 silly package data     'deep-extend': '^0.6.0',
12 silly package data     'deep-is': '^0.1.4',
12 silly package data     'define-data-property': '^1.1.4',
12 silly package data     'delayed-stream': '^1.0.0',
12 silly package data     depd: '^2.0.0',
12 silly package data     diff: '^5.2.0',
12 silly package data     difflib: '^0.2.4',
12 silly package data     'dir-glob': '^3.0.1',
12 silly package data     'dunder-proto': '^1.0.1',
12 silly package data     elliptic: '^6.6.1',
12 silly package data     'emoji-regex': '^8.0.0',
12 silly package data     enquirer: '^2.4.1',
12 silly package data     'env-paths': '^2.2.1',
12 silly package data     'es-define-property': '^1.0.1',
12 silly package data     'es-errors': '^1.3.0',
12 silly package data     'es-object-atoms': '^1.1.1',
12 silly package data     'es-set-tostringtag': '^2.1.0',
12 silly package data     escalade: '^3.2.0',
12 silly package data     'escape-string-regexp': '^4.0.0',
12 silly package data     escodegen: '^1.8.1',
12 silly package data     esprima: '^2.7.3',
12 silly package data     estraverse: '^1.9.3',
12 silly package data     esutils: '^2.0.3',
12 silly package data     'eth-gas-reporter': '^0.2.27',
12 silly package data     'ethereum-bloom-filters': '^1.2.0',
12 silly package data     'ethereum-cryptography': '^0.1.3',
12 silly package data     'ethereumjs-util': '^7.1.5',
12 silly package data     ethers: '^6.15.0',
12 silly package data     'ethjs-unit': '^0.1.6',
12 silly package data     evp_bytestokey: '^1.0.3',
12 silly package data     'fast-deep-equal': '^3.1.3',
12 silly package data     'fast-glob': '^3.3.3',
12 silly package data     'fast-levenshtein': '^2.0.6',
12 silly package data     'fast-uri': '^3.0.6',
12 silly package data     fastq: '^1.19.1',
12 silly package data     'fill-range': '^7.1.1',
12 silly package data     'find-replace': '^3.0.0',
12 silly package data     'find-up': '^5.0.0',
12 silly package data     flat: '^5.0.2',
12 silly package data     'follow-redirects': '^1.15.9',
12 silly package data     'for-each': '^0.3.5',
12 silly package data     'form-data': '^4.0.3',
12 silly package data     'fp-ts': '^1.19.3',
12 silly package data     'fs-extra': '^9.1.0',
12 silly package data     'fs-readdir-recursive': '^1.1.0',
12 silly package data     'fs.realpath': '^1.0.0',
12 silly package data     fsevents: '^2.3.3',
12 silly package data     'function-bind': '^1.1.2',
12 silly package data     'get-caller-file': '^2.0.5',
12 silly package data     'get-func-name': '^2.0.2',
12 silly package data     'get-intrinsic': '^1.3.0',
12 silly package data     'get-port': '^3.2.0',
12 silly package data     'get-proto': '^1.0.1',
12 silly package data     'ghost-testrpc': '^0.0.2',
12 silly package data     glob: '^8.1.0',
12 silly package data     'glob-parent': '^5.1.2',
12 silly package data     'global-modules': '^2.0.0',
12 silly package data     'global-prefix': '^3.0.0',
12 silly package data     globby: '^10.0.2',
12 silly package data     gopd: '^1.2.0',
12 silly package data     'graceful-fs': '^4.2.11',
12 silly package data     handlebars: '^4.7.8',
12 silly package data     'hardhat-gas-reporter': '^1.0.10',
12 silly package data     'has-flag': '^4.0.0',
12 silly package data     'has-property-descriptors': '^1.0.2',
12 silly package data     'has-symbols': '^1.1.0',
12 silly package data     'has-tostringtag': '^1.0.2',
12 silly package data     'hash-base': '^3.1.0',
12 silly package data     'hash.js': '^1.1.7',
12 silly package data     hasown: '^2.0.2',
12 silly package data     he: '^1.2.0',
12 silly package data     heap: '^0.2.7',
12 silly package data     'hmac-drbg': '^1.0.1',
12 silly package data     'http-basic': '^8.1.3',
12 silly package data     'http-errors': '^2.0.0',
12 silly package data     'http-response-object': '^3.0.2',
12 silly package data     'https-proxy-agent': '^5.0.1',
12 silly package data     'iconv-lite': '^0.4.24',
12 silly package data     ignore: '^5.3.2',
12 silly package data     immutable: '^4.3.7',
12 silly package data     'indent-string': '^4.0.0',
12 silly package data     inflight: '^1.0.6',
12 silly package data     inherits: '^2.0.4',
12 silly package data     ini: '^1.3.8',
12 silly package data     interpret: '^1.4.0',
12 silly package data     'io-ts': '^1.10.4',
12 silly package data     'is-binary-path': '^2.1.0',
12 silly package data     'is-callable': '^1.2.7',
12 silly package data     'is-extglob': '^2.1.1',
12 silly package data     'is-fullwidth-code-point': '^3.0.0',
12 silly package data     'is-glob': '^4.0.3',
12 silly package data     'is-hex-prefixed': '^1.0.0',
12 silly package data     'is-number': '^7.0.0',
12 silly package data     'is-plain-obj': '^2.1.0',
12 silly package data     'is-typed-array': '^1.1.15',
12 silly package data     'is-unicode-supported': '^0.1.0',
12 silly package data     isarray: '^2.0.5',
12 silly package data     isexe: '^2.0.0',
12 silly package data     'js-sha3': '^0.8.0',
12 silly package data     'js-yaml': '^4.1.0',
12 silly package data     'json-schema-traverse': '^1.0.0',
12 silly package data     'json-stream-stringify': '^3.1.6',
12 silly package data     jsonfile: '^6.1.0',
12 silly package data     jsonschema: '^1.5.0',
12 silly package data     keccak: '^3.0.4',
12 silly package data     'kind-of': '^6.0.3',
12 silly package data     levn: '^0.3.0',
12 silly package data     'locate-path': '^6.0.0',
12 silly package data     lodash: '^4.17.21',
12 silly package data     'lodash.camelcase': '^4.3.0',
12 silly package data     'lodash.clonedeep': '^4.5.0',
12 silly package data     'lodash.isequal': '^4.5.0',
12 silly package data     'lodash.truncate': '^4.4.2',
12 silly package data     'log-symbols': '^4.1.0',
12 silly package data     loupe: '^2.3.7',
12 silly package data     lru_map: '^0.3.3',
12 silly package data     'make-error': '^1.3.6',
12 silly package data     'markdown-table': '^1.1.3',
12 silly package data     'math-intrinsics': '^1.1.0',
12 silly package data     'md5.js': '^1.3.5',
12 silly package data     memorystream: '^0.3.1',
12 silly package data     merge2: '^1.4.1',
12 silly package data     'micro-eth-signer': '^0.14.0',
12 silly package data     'micro-ftch': '^0.3.1',
12 silly package data     'micro-packed': '^0.7.3',
12 silly package data     micromatch: '^4.0.8',
12 silly package data     'mime-db': '^1.52.0',
12 silly package data     'mime-types': '^2.1.35',
12 silly package data     'minimalistic-assert': '^1.0.1',
12 silly package data     'minimalistic-crypto-utils': '^1.0.1',
12 silly package data     minimatch: '^5.1.6',
12 silly package data     minimist: '^1.2.8',
12 silly package data     mkdirp: '^0.5.6',
12 silly package data     mnemonist: '^0.38.5',
12 silly package data     ms: '^2.1.3',
12 silly package data     'neo-async': '^2.6.2',
12 silly package data     'node-addon-api': '^2.0.2',
12 silly package data     'node-emoji': '^1.11.0',
12 silly package data     'node-gyp-build': '^4.8.4',
12 silly package data     nofilter: '^3.1.0',
12 silly package data     nopt: '^3.0.6',
12 silly package data     'normalize-path': '^3.0.0',
12 silly package data     'number-to-bn': '^1.7.0',
12 silly package data     'object-assign': '^4.1.1',
12 silly package data     'object-inspect': '^1.13.4',
12 silly package data     obliterator: '^2.0.5',
12 silly package data     once: '^1.4.0',
12 silly package data     optionator: '^0.8.3',
12 silly package data     ordinal: '^1.0.3',
12 silly package data     'os-tmpdir': '^1.0.2',
12 silly package data     'p-limit': '^3.1.0',
12 silly package data     'p-locate': '^5.0.0',
12 silly package data     'p-map': '^4.0.0',
12 silly package data     'parse-cache-control': '^1.0.1',
12 silly package data     'path-exists': '^4.0.0',
12 silly package data     'path-is-absolute': '^1.0.1',
12 silly package data     'path-parse': '^1.0.7',
12 silly package data     'path-type': '^4.0.0',
12 silly package data     pathval: '^1.1.1',
12 silly package data     pbkdf2: '^3.1.3',
12 silly package data     picocolors: '^1.1.1',
12 silly package data     picomatch: '^2.3.1',
12 silly package data     pify: '^4.0.1',
12 silly package data     'possible-typed-array-names': '^1.1.0',
12 silly package data     'prelude-ls': '^1.1.2',
12 silly package data     prettier: '^2.8.8',
12 silly package data     'process-nextick-args': '^2.0.1',
12 silly package data     promise: '^8.3.0',
12 silly package data     'proxy-from-env': '^1.1.0',
12 silly package data     qs: '^6.14.0',
12 silly package data     'queue-microtask': '^1.2.3',
12 silly package data     randombytes: '^2.1.0',
12 silly package data     'raw-body': '^2.5.2',
12 silly package data     'readable-stream': '^3.6.2',
12 silly package data     readdirp: '^4.1.2',
12 silly package data     rechoir: '^0.6.2',
12 silly package data     'recursive-readdir': '^2.2.3',
12 silly package data     'reduce-flatten': '^2.0.0',
12 silly package data     'req-cwd': '^2.0.0',
12 silly package data     'req-from': '^2.0.0',
12 silly package data     'require-directory': '^2.1.1',
12 silly package data     'require-from-string': '^2.0.2',
12 silly package data     resolve: '^1.17.0',
12 silly package data     'resolve-from': '^3.0.0',
12 silly package data     reusify: '^1.1.0',
12 silly package data     ripemd160: '^2.0.2',
12 silly package data     rlp: '^2.2.7',
12 silly package data     'run-parallel': '^1.2.0',
12 silly package data     'safe-buffer': '^5.2.1',
12 silly package data     'safer-buffer': '^2.1.2',
12 silly package data     'sc-istanbul': '^0.4.6',
12 silly package data     'scrypt-js': '^3.0.1',
12 silly package data     secp256k1: '^4.0.4',
12 silly package data     semver: '^6.3.1',
12 silly package data     'serialize-javascript': '^6.0.2',
12 silly package data     'set-function-length': '^1.2.2',
12 silly package data     setimmediate: '^1.0.5',
12 silly package data     setprototypeof: '^1.2.0',
12 silly package data     'sha.js': '^2.4.12',
12 silly package data     sha1: '^1.1.1',
12 silly package data     shelljs: '^0.8.5',
12 silly package data     'side-channel': '^1.1.0',
12 silly package data     'side-channel-list': '^1.0.0',
12 silly package data     'side-channel-map': '^1.0.1',
12 silly package data     'side-channel-weakmap': '^1.0.2',
12 silly package data     slash: '^3.0.0',
12 silly package data     'slice-ansi': '^4.0.0',
12 silly package data     solc: '^0.8.26',
12 silly package data     'solidity-coverage': '^0.8.16',
12 silly package data     'source-map': '^0.2.0',
12 silly package data     'source-map-support': '^0.5.21',
12 silly package data     'sprintf-js': '^1.0.3',
12 silly package data     'stacktrace-parser': '^0.1.11',
12 silly package data     statuses: '^2.0.1',
12 silly package data     'string-format': '^2.0.0',
12 silly package data     'string-width': '^4.2.3',
12 silly package data     string_decoder: '^1.3.0',
12 silly package data     'strip-ansi': '^6.0.1',
12 silly package data     'strip-hex-prefix': '^1.0.0',
12 silly package data     'strip-json-comments': '^3.1.1',
12 silly package data     'supports-color': '^7.2.0',
12 silly package data     'sync-request': '^6.1.0',
12 silly package data     'sync-rpc': '^1.3.6',
12 silly package data     table: '^6.9.0',
12 silly package data     'table-layout': '^1.0.2',
12 silly package data     'then-request': '^6.0.2',
12 silly package data     tinyglobby: '^0.2.14',
12 silly package data     tmp: '^0.0.33',
12 silly package data     'to-buffer': '^1.2.1',
12 silly package data     'to-regex-range': '^5.0.1',
12 silly package data     toidentifier: '^1.0.1',
12 silly package data     'ts-command-line-args': '^2.5.1',
12 silly package data     'ts-essentials': '^7.0.3',
12 silly package data     'ts-node': '^10.9.2',
12 silly package data     tslib: '^2.7.0',
12 silly package data     tsort: '^0.0.1',
12 silly package data     'type-check': '^0.3.2',
12 silly package data     'type-detect': '^4.1.0',
12 silly package data     'type-fest': '^0.21.3',
12 silly package data     typechain: '^8.3.2',
12 silly package data     'typed-array-buffer': '^1.0.3',
12 silly package data     typedarray: '^0.0.6',
12 silly package data     typescript: '^5.8.3',
12 silly package data     typical: '^4.0.0',
12 silly package data     'uglify-js': '^3.19.3',
12 silly package data     undici: '^5.29.0',
12 silly package data     'undici-types': '^7.8.0',
12 silly package data     universalify: '^2.0.1',
12 silly package data     unpipe: '^1.0.0',
12 silly package data     utf8: '^3.0.0',
12 silly package data     'util-deprecate': '^1.0.2',
12 silly package data     uuid: '^8.3.2',
12 silly package data     'v8-compile-cache-lib': '^3.0.1',
12 silly package data     'web3-utils': '^1.10.4',
12 silly package data     which: '^1.3.1',
12 silly package data     'which-typed-array': '^1.1.19',
12 silly package data     'widest-line': '^3.1.0',
12 silly package data     'word-wrap': '^1.2.5',
12 silly package data     wordwrap: '^1.0.0',
12 silly package data     wordwrapjs: '^4.0.1',
12 silly package data     workerpool: '^6.5.1',
12 silly package data     'wrap-ansi': '^7.0.0',
12 silly package data     wrappy: '^1.0.2',
12 silly package data     ws: '^8.17.1',
12 silly package data     y18n: '^5.0.8',
12 silly package data     yargs: '^16.2.0',
12 silly package data     'yargs-parser': '^20.2.9',
12 silly package data     'yargs-unparser': '^2.0.0',
12 silly package data     yn: '^3.1.1',
12 silly package data     'yocto-queue': '^0.1.0'
12 silly package data   },
12 silly package data   keywords: [],
12 silly package data   author: '',
12 silly package data   license: 'ISC',
12 silly package data   description: '',
12 silly package data   [Symbol(newline)]: '\n',
12 silly package data   [Symbol(indent)]: '  '
12 silly package data }
13 verbose cwd /Users/apple/Desktop/AAsharing/contracts
14 verbose os Darwin 23.1.0
15 verbose node v23.3.0
16 verbose npm  v10.9.0
17 verbose exit 0
18 info ok
