0 verbose cli /Users/apple/.nvm/versions/node/v23.3.0/bin/node /Users/apple/.nvm/versions/node/v23.3.0/bin/npm
1 info using npm@10.9.0
2 info using node@v23.3.0
3 silly config load:file:/Users/apple/.nvm/versions/node/v23.3.0/lib/node_modules/npm/npmrc
4 silly config load:file:/Users/apple/Desktop/AAsharing/contracts/.npmrc
5 silly config load:file:/Users/apple/.npmrc
6 silly config load:file:/Users/apple/.nvm/versions/node/v23.3.0/etc/npmrc
7 verbose title npm install ethers@6.8.1
8 verbose argv "install" "ethers@6.8.1"
9 verbose logfile logs-max:10 dir:/Users/apple/Desktop/AAsharing/contracts/.npm-cache/_logs/2025-07-05T09_43_14_519Z-
10 verbose logfile /Users/apple/Desktop/AAsharing/contracts/.npm-cache/_logs/2025-07-05T09_43_14_519Z-debug-0.log
11 silly logfile done cleaning log files
12 silly packumentCache heap:2197815296 maxSize:549453824 maxEntrySize:274726912
13 silly idealTree buildDeps
14 silly fetch manifest ethers@6.8.1
15 silly packumentCache full:https://registry.npmmirror.com/ethers cache-miss
16 http fetch GET 200 https://registry.npmmirror.com/ethers 62ms (cache hit)
17 silly packumentCache full:https://registry.npmmirror.com/ethers set size:1409142 disposed:false
18 silly placeDep ROOT ethers@6.8.1 REPLACE for: aa-sharing-contracts@1.0.0 want: 6.8.1
19 warn ERESOLVE overriding peer dependency {
19 warn ERESOLVE   code: 'ERESOLVE',
19 warn ERESOLVE   edge: {
19 warn ERESOLVE     type: 'peer',
19 warn ERESOLVE     name: 'ethers',
19 warn ERESOLVE     spec: '^6.14.0',
19 warn ERESOLVE     from: {
19 warn ERESOLVE       name: '@nomicfoundation/hardhat-chai-matchers',
19 warn ERESOLVE       version: '2.0.9',
19 warn ERESOLVE       location: 'node_modules/@nomicfoundation/hardhat-chai-matchers',
19 warn ERESOLVE       isWorkspace: false,
19 warn ERESOLVE       dependents: [Array]
19 warn ERESOLVE     }
19 warn ERESOLVE   },
19 warn ERESOLVE   dep: {
19 warn ERESOLVE     name: 'ethers',
19 warn ERESOLVE     version: '6.8.1',
19 warn ERESOLVE     whileInstalling: {
19 warn ERESOLVE       name: 'aa-sharing-contracts',
19 warn ERESOLVE       version: '1.0.0',
19 warn ERESOLVE       path: '/Users/apple/Desktop/AAsharing/contracts'
19 warn ERESOLVE     },
19 warn ERESOLVE     location: 'node_modules/ethers',
19 warn ERESOLVE     isWorkspace: false,
19 warn ERESOLVE     dependents: [ [Object] ]
19 warn ERESOLVE   },
19 warn ERESOLVE   force: false,
19 warn ERESOLVE   isMine: true,
19 warn ERESOLVE   strictPeerDeps: false,
19 warn ERESOLVE   current: {
19 warn ERESOLVE     name: 'ethers',
19 warn ERESOLVE     version: '6.15.0',
19 warn ERESOLVE     location: 'node_modules/ethers',
19 warn ERESOLVE     isWorkspace: false,
19 warn ERESOLVE     dependents: [ [Object], [Object], [Object], [Object], [Object], [Object] ]
19 warn ERESOLVE   }
19 warn ERESOLVE }
20 warn ERESOLVE overriding peer dependency {
20 warn ERESOLVE   code: 'ERESOLVE',
20 warn ERESOLVE   edge: {
20 warn ERESOLVE     type: 'peer',
20 warn ERESOLVE     name: 'ethers',
20 warn ERESOLVE     spec: '^6.14.0',
20 warn ERESOLVE     from: {
20 warn ERESOLVE       name: '@nomicfoundation/hardhat-ethers',
20 warn ERESOLVE       version: '3.0.9',
20 warn ERESOLVE       location: 'node_modules/@nomicfoundation/hardhat-ethers',
20 warn ERESOLVE       isWorkspace: false,
20 warn ERESOLVE       dependents: [Array]
20 warn ERESOLVE     }
20 warn ERESOLVE   },
20 warn ERESOLVE   dep: {
20 warn ERESOLVE     name: 'ethers',
20 warn ERESOLVE     version: '6.8.1',
20 warn ERESOLVE     whileInstalling: {
20 warn ERESOLVE       name: 'aa-sharing-contracts',
20 warn ERESOLVE       version: '1.0.0',
20 warn ERESOLVE       path: '/Users/apple/Desktop/AAsharing/contracts'
20 warn ERESOLVE     },
20 warn ERESOLVE     location: 'node_modules/ethers',
20 warn ERESOLVE     isWorkspace: false,
20 warn ERESOLVE     dependents: [ [Object] ]
20 warn ERESOLVE   },
20 warn ERESOLVE   force: false,
20 warn ERESOLVE   isMine: true,
20 warn ERESOLVE   strictPeerDeps: false,
20 warn ERESOLVE   current: {
20 warn ERESOLVE     name: 'ethers',
20 warn ERESOLVE     version: '6.15.0',
20 warn ERESOLVE     location: 'node_modules/ethers',
20 warn ERESOLVE     isWorkspace: false,
20 warn ERESOLVE     dependents: [ [Object], [Object], [Object], [Object], [Object], [Object] ]
20 warn ERESOLVE   }
20 warn ERESOLVE }
21 silly fetch manifest @adraffy/ens-normalize@1.10.0
22 silly packumentCache full:https://registry.npmmirror.com/@adraffy%2fens-normalize cache-miss
23 silly fetch manifest @types/node@18.15.13
24 silly packumentCache full:https://registry.npmmirror.com/@types%2fnode cache-miss
25 silly fetch manifest tslib@2.4.0
26 silly packumentCache full:https://registry.npmmirror.com/tslib cache-miss
27 silly fetch manifest ws@8.5.0
28 silly packumentCache full:https://registry.npmmirror.com/ws cache-miss
29 http fetch GET 200 https://registry.npmmirror.com/tslib 24ms (cache hit)
30 silly packumentCache full:https://registry.npmmirror.com/tslib set size:113400 disposed:false
31 http fetch GET 200 https://registry.npmmirror.com/@adraffy%2fens-normalize 49ms (cache hit)
32 silly packumentCache full:https://registry.npmmirror.com/@adraffy%2fens-normalize set size:145388 disposed:false
33 http fetch GET 200 https://registry.npmmirror.com/ws 62ms (cache hit)
34 silly packumentCache full:https://registry.npmmirror.com/ws set size:394281 disposed:false
35 http fetch GET 200 https://registry.npmmirror.com/@types%2fnode 108ms (cache hit)
36 silly packumentCache full:https://registry.npmmirror.com/@types%2fnode set size:9581510 disposed:false
37 silly fetch manifest bufferutil@^4.0.1
38 silly packumentCache full:https://registry.npmmirror.com/bufferutil cache-miss
39 http fetch GET 200 https://registry.npmmirror.com/bufferutil 49ms (cache hit)
40 silly packumentCache full:https://registry.npmmirror.com/bufferutil set size:45908 disposed:false
41 silly fetch manifest utf-8-validate@^5.0.2
42 silly packumentCache full:https://registry.npmmirror.com/utf-8-validate cache-miss
43 http fetch GET 200 https://registry.npmmirror.com/utf-8-validate 105ms (cache hit)
44 silly packumentCache full:https://registry.npmmirror.com/utf-8-validate set size:68448 disposed:false
45 silly placeDep ROOT @adraffy/ens-normalize@1.10.0 OK for: ethers@6.8.1 want: 1.10.0
46 silly placeDep node_modules/ethers @types/node@18.15.13 OK for: ethers@6.8.1 want: 18.15.13
47 silly placeDep node_modules/ethers tslib@2.4.0 OK for: ethers@6.8.1 want: 2.4.0
48 silly placeDep node_modules/ethers ws@8.5.0 OK for: ethers@6.8.1 want: 8.5.0
49 silly reify mark retired [ '/Users/apple/Desktop/AAsharing/contracts/node_modules/ethers' ]
50 silly reify mark retired [
50 silly reify   '/Users/apple/Desktop/AAsharing/contracts/node_modules/@adraffy/ens-normalize'
50 silly reify ]
51 silly reify moves {
51 silly reify   '/Users/apple/Desktop/AAsharing/contracts/node_modules/ethers': '/Users/apple/Desktop/AAsharing/contracts/node_modules/.ethers-XQW3hR57',
51 silly reify   '/Users/apple/Desktop/AAsharing/contracts/node_modules/@adraffy/ens-normalize': '/Users/apple/Desktop/AAsharing/contracts/node_modules/@adraffy/.ens-normalize-xE7ngI9c'
51 silly reify }
52 silly audit bulk request {
52 silly audit   acorn: [ '8.15.0' ],
52 silly audit   abbrev: [ '1.0.9' ],
52 silly audit   'acorn-walk': [ '8.3.4' ],
52 silly audit   'adm-zip': [ '0.4.16' ],
52 silly audit   'aes-js': [ '4.0.0-beta.5', '3.0.0' ],
52 silly audit   'agent-base': [ '6.0.2' ],
52 silly audit   'aggregate-error': [ '3.1.0' ],
52 silly audit   ajv: [ '8.17.1' ],
52 silly audit   amdefine: [ '1.0.1' ],
52 silly audit   'ansi-align': [ '3.0.1' ],
52 silly audit   'ansi-colors': [ '4.1.3' ],
52 silly audit   'ansi-escapes': [ '4.3.2' ],
52 silly audit   'ansi-regex': [ '5.0.1', '3.0.1' ],
52 silly audit   'ansi-styles': [ '4.3.0', '3.2.1' ],
52 silly audit   anymatch: [ '3.1.3' ],
52 silly audit   antlr4ts: [ '0.5.0-alpha.4' ],
52 silly audit   argparse: [ '2.0.1', '1.0.10' ],
52 silly audit   arg: [ '4.1.3' ],
52 silly audit   'array-back': [ '3.1.0', '4.0.2' ],
52 silly audit   'array-union': [ '2.1.0' ],
52 silly audit   'array-uniq': [ '1.0.3' ],
52 silly audit   asap: [ '2.0.6' ],
52 silly audit   'astral-regex': [ '2.0.0' ],
52 silly audit   'assertion-error': [ '1.1.0' ],
52 silly audit   async: [ '1.5.2' ],
52 silly audit   asynckit: [ '0.4.0' ],
52 silly audit   'at-least-node': [ '1.0.0' ],
52 silly audit   'available-typed-arrays': [ '1.0.7' ],
52 silly audit   axios: [ '1.10.0' ],
52 silly audit   'base-x': [ '3.0.11' ],
52 silly audit   'balanced-match': [ '1.0.2' ],
52 silly audit   bech32: [ '1.1.4' ],
52 silly audit   'binary-extensions': [ '2.3.0' ],
52 silly audit   blakejs: [ '1.2.1' ],
52 silly audit   'bn.js': [ '5.2.2', '4.12.2', '4.11.6' ],
52 silly audit   boxen: [ '5.1.2' ],
52 silly audit   'type-fest': [ '0.20.2', '0.7.1', '0.21.3' ],
52 silly audit   'brace-expansion': [ '2.0.2', '1.1.12' ],
52 silly audit   braces: [ '3.0.3' ],
52 silly audit   brorand: [ '1.1.0' ],
52 silly audit   'browser-stdout': [ '1.3.1' ],
52 silly audit   'browserify-aes': [ '1.2.0' ],
52 silly audit   bs58: [ '4.0.1' ],
52 silly audit   bs58check: [ '2.1.2' ],
52 silly audit   'buffer-from': [ '1.1.2' ],
52 silly audit   'buffer-xor': [ '1.0.3' ],
52 silly audit   bytes: [ '3.1.2' ],
52 silly audit   'call-bind': [ '1.0.8' ],
52 silly audit   'call-bind-apply-helpers': [ '1.0.2' ],
52 silly audit   camelcase: [ '6.3.0' ],
52 silly audit   caseless: [ '0.12.0' ],
52 silly audit   'call-bound': [ '1.0.4' ],
52 silly audit   cbor: [ '8.1.0' ],
52 silly audit   chai: [ '4.5.0' ],
52 silly audit   'chai-as-promised': [ '7.1.2' ],
52 silly audit   chalk: [ '4.1.2', '2.4.2' ],
52 silly audit   charenc: [ '0.0.2' ],
52 silly audit   'check-error': [ '1.0.3' ],
52 silly audit   chokidar: [ '4.0.3', '3.6.0' ],
52 silly audit   'ci-info': [ '2.0.0' ],
52 silly audit   'cipher-base': [ '1.0.6' ],
52 silly audit   'clean-stack': [ '2.2.0' ],
52 silly audit   'cli-boxes': [ '2.2.1' ],
52 silly audit   'cli-table3': [ '0.5.1' ],
52 silly audit   'is-fullwidth-code-point': [ '2.0.0', '3.0.0' ],
52 silly audit   'string-width': [ '2.1.1', '4.2.3' ],
52 silly audit   'strip-ansi': [ '4.0.0', '6.0.1' ],
52 silly audit   cliui: [ '7.0.4' ],
52 silly audit   'color-convert': [ '2.0.1', '1.9.3' ],
52 silly audit   'color-name': [ '1.1.4', '1.1.3' ],
52 silly audit   colors: [ '1.4.0' ],
52 silly audit   'combined-stream': [ '1.0.8' ],
52 silly audit   'command-line-args': [ '5.2.1' ],
52 silly audit   'command-exists': [ '1.2.9' ],
52 silly audit   'command-line-usage': [ '6.1.3' ],
52 silly audit   'escape-string-regexp': [ '1.0.5', '4.0.0' ],
52 silly audit   'has-flag': [ '3.0.0', '4.0.0', '1.0.0' ],
52 silly audit   'supports-color': [ '5.5.0', '8.1.1', '3.2.3', '7.2.0' ],
52 silly audit   typical: [ '5.2.0', '4.0.0' ],
52 silly audit   commander: [ '8.3.0' ],
52 silly audit   'concat-map': [ '0.0.1' ],
52 silly audit   'concat-stream': [ '1.6.2' ],
52 silly audit   isarray: [ '1.0.0', '2.0.5' ],
52 silly audit   'readable-stream': [ '2.3.8', '3.6.2' ],
52 silly audit   'safe-buffer': [ '5.1.2', '5.2.1' ],
52 silly audit   string_decoder: [ '1.1.1', '1.3.0' ],
52 silly audit   cookie: [ '0.4.2' ],
52 silly audit   'core-util-is': [ '1.0.3' ],
52 silly audit   'create-require': [ '1.1.1' ],
52 silly audit   crypt: [ '0.0.2' ],
52 silly audit   death: [ '1.1.0' ],
52 silly audit   'create-hash': [ '1.2.0', '1.1.3' ],
52 silly audit   debug: [ '4.4.1' ],
52 silly audit   'deep-eql': [ '4.1.4' ],
52 silly audit   decamelize: [ '4.0.0' ],
52 silly audit   'deep-extend': [ '0.6.0' ],
52 silly audit   'create-hmac': [ '1.1.7' ],
52 silly audit   'deep-is': [ '0.1.4' ],
52 silly audit   'define-data-property': [ '1.1.4' ],
52 silly audit   depd: [ '2.0.0' ],
52 silly audit   diff: [ '5.2.0', '4.0.2' ],
52 silly audit   'delayed-stream': [ '1.0.0' ],
52 silly audit   'dir-glob': [ '3.0.1' ],
52 silly audit   dotenv: [ '16.6.1' ],
52 silly audit   'dunder-proto': [ '1.0.1' ],
52 silly audit   difflib: [ '0.2.4' ],
52 silly audit   elliptic: [ '6.6.1' ],
52 silly audit   'emoji-regex': [ '8.0.0' ],
52 silly audit   enquirer: [ '2.4.1' ],
52 silly audit   'env-paths': [ '2.2.1' ],
52 silly audit   'es-define-property': [ '1.0.1' ],
52 silly audit   'es-errors': [ '1.3.0' ],
52 silly audit   'es-object-atoms': [ '1.1.1' ],
52 silly audit   'es-set-tostringtag': [ '2.1.0' ],
52 silly audit   escalade: [ '3.2.0' ],
52 silly audit   escodegen: [ '1.8.1' ],
52 silly audit   esprima: [ '2.7.3', '4.0.1' ],
52 silly audit   estraverse: [ '1.9.3' ],
52 silly audit   esutils: [ '2.0.3' ],
52 silly audit   'eth-gas-reporter': [ '0.2.27' ],
52 silly audit   'ethereum-cryptography': [ '1.2.0', '0.1.3', '2.2.1' ],
52 silly audit   ethers: [ '5.8.0', '6.8.1' ],
52 silly audit   '@noble/hashes': [ '1.2.0', '1.8.0', '1.7.2', '1.4.0', '1.3.2' ],
52 silly audit   '@scure/base': [ '1.1.9', '1.2.6' ],
52 silly audit   '@scure/bip32': [ '1.1.5', '1.4.0' ],
52 silly audit   '@scure/bip39': [ '1.1.1', '1.3.0' ],
52 silly audit   'ethereum-bloom-filters': [ '1.2.0' ],
52 silly audit   'ethereumjs-util': [ '7.1.5' ],
52 silly audit   'undici-types': [ '7.8.0' ],
52 silly audit   '@types/node': [ '10.17.60', '8.10.66', '24.0.10', '18.15.13' ],
52 silly audit   'ethjs-unit': [ '0.1.6' ],
52 silly audit   evp_bytestokey: [ '1.0.3' ],
52 silly audit   'fast-deep-equal': [ '3.1.3' ],
52 silly audit   'fast-levenshtein': [ '2.0.6' ],
52 silly audit   'fast-uri': [ '3.0.6' ],
52 silly audit   'fast-glob': [ '3.3.3' ],
52 silly audit   'fill-range': [ '7.1.1' ],
52 silly audit   fastq: [ '1.19.1' ],
52 silly audit   'find-up': [ '5.0.0' ],
52 silly audit   'find-replace': [ '3.0.0' ],
52 silly audit   'follow-redirects': [ '1.15.9' ],
52 silly audit   flat: [ '5.0.2' ],
52 silly audit   'for-each': [ '0.3.5' ],
52 silly audit   'form-data': [ '4.0.3', '2.5.3' ],
52 silly audit   'fs-extra': [ '9.1.0', '7.0.1', '8.1.0' ],
52 silly audit   'fs-readdir-recursive': [ '1.1.0' ],
52 silly audit   'fs.realpath': [ '1.0.0' ],
52 silly audit   'function-bind': [ '1.1.2' ],
52 silly audit   fsevents: [ '2.3.3' ],
52 silly audit   'get-caller-file': [ '2.0.5' ],
52 silly audit   'get-func-name': [ '2.0.2' ],
52 silly audit   'get-port': [ '3.2.0' ],
52 silly audit   'get-intrinsic': [ '1.3.0' ],
52 silly audit   'get-proto': [ '1.0.1' ],
52 silly audit   'ghost-testrpc': [ '0.0.2' ],
52 silly audit   glob: [ '8.1.0', '7.2.3', '5.0.15', '7.1.7' ],
52 silly audit   'glob-parent': [ '5.1.2' ],
52 silly audit   'global-modules': [ '2.0.0' ],
52 silly audit   globby: [ '10.0.2' ],
52 silly audit   minimatch: [ '3.1.2', '5.1.6' ],
52 silly audit   gopd: [ '1.2.0' ],
52 silly audit   'graceful-fs': [ '4.2.11' ],
52 silly audit   'global-prefix': [ '3.0.0' ],
52 silly audit   handlebars: [ '4.7.8' ],
52 silly audit   'source-map': [ '0.6.1', '0.2.0' ],
52 silly audit   'hardhat-gas-reporter': [ '1.0.10' ],
52 silly audit   hardhat: [ '2.25.0' ],
52 silly audit   jsonfile: [ '4.0.0', '6.1.0' ],
52 silly audit   universalify: [ '0.1.2', '2.0.1' ],
52 silly audit   ws: [ '7.5.10', '8.17.1', '8.18.0', '8.5.0' ],
52 silly audit   'has-property-descriptors': [ '1.0.2' ],
52 silly audit   'has-symbols': [ '1.1.0' ],
52 silly audit   'has-tostringtag': [ '1.0.2' ],
52 silly audit   'hash-base': [ '3.1.0', '2.0.2' ],
52 silly audit   'hash.js': [ '1.1.7' ],
52 silly audit   hasown: [ '2.0.2' ],
52 silly audit   he: [ '1.2.0' ],
52 silly audit   heap: [ '0.2.7' ],
52 silly audit   'hmac-drbg': [ '1.0.1' ],
52 silly audit   'http-basic': [ '8.1.3' ],
52 silly audit   'http-errors': [ '2.0.0' ],
52 silly audit   'http-response-object': [ '3.0.2' ],
52 silly audit   'https-proxy-agent': [ '5.0.1' ],
52 silly audit   'iconv-lite': [ '0.4.24' ],
52 silly audit   'fp-ts': [ '1.19.3' ],
52 silly audit   ignore: [ '5.3.2' ],
52 silly audit   'indent-string': [ '4.0.0' ],
52 silly audit   immutable: [ '4.3.7' ],
52 silly audit   inflight: [ '1.0.6' ],
52 silly audit   inherits: [ '2.0.4' ],
52 silly audit   ini: [ '1.3.8' ],
52 silly audit   interpret: [ '1.4.0' ],
52 silly audit   'io-ts': [ '1.10.4' ],
52 silly audit   'is-callable': [ '1.2.7' ],
52 silly audit   'is-extglob': [ '2.1.1' ],
52 silly audit   'is-binary-path': [ '2.1.0' ],
52 silly audit   'is-glob': [ '4.0.3' ],
52 silly audit   'is-number': [ '7.0.0' ],
52 silly audit   'is-hex-prefixed': [ '1.0.0' ],
52 silly audit   'is-typed-array': [ '1.1.15' ],
52 silly audit   'is-unicode-supported': [ '0.1.0' ],
52 silly audit   isexe: [ '2.0.0' ],
52 silly audit   'is-plain-obj': [ '2.1.0' ],
52 silly audit   'js-yaml': [ '4.1.0', '3.14.1' ],
52 silly audit   'js-sha3': [ '0.8.0' ],
52 silly audit   'json-stream-stringify': [ '3.1.6' ],
52 silly audit   'json-schema-traverse': [ '1.0.0' ],
52 silly audit   keccak: [ '3.0.4' ],
52 silly audit   jsonschema: [ '1.5.0' ],
52 silly audit   levn: [ '0.3.0' ],
52 silly audit   'locate-path': [ '6.0.0' ],
52 silly audit   lodash: [ '4.17.21' ],
52 silly audit   'lodash.camelcase': [ '4.3.0' ],
52 silly audit   'lodash.clonedeep': [ '4.5.0' ],
52 silly audit   'lodash.isequal': [ '4.5.0' ],
52 silly audit   'lodash.truncate': [ '4.4.2' ],
52 silly audit   'log-symbols': [ '4.1.0' ],
52 silly audit   loupe: [ '2.3.7' ],
52 silly audit   lru_map: [ '0.3.3' ],
52 silly audit   'make-error': [ '1.3.6' ],
52 silly audit   'math-intrinsics': [ '1.1.0' ],
52 silly audit   'md5.js': [ '1.3.5' ],
52 silly audit   memorystream: [ '0.3.1' ],
52 silly audit   'markdown-table': [ '1.1.3' ],
52 silly audit   'micro-ftch': [ '0.3.1' ],
52 silly audit   merge2: [ '1.4.1' ],
52 silly audit   'micro-packed': [ '0.7.3' ],
52 silly audit   'micro-eth-signer': [ '0.14.0' ],
52 silly audit   '@noble/curves': [ '1.8.2', '1.4.2', '1.2.0' ],
52 silly audit   micromatch: [ '4.0.8' ],
52 silly audit   'mime-db': [ '1.52.0' ],
52 silly audit   'mime-types': [ '2.1.35' ],
52 silly audit   'minimalistic-crypto-utils': [ '1.0.1' ],
52 silly audit   'minimalistic-assert': [ '1.0.1' ],
52 silly audit   minimist: [ '1.2.8' ],
52 silly audit   mkdirp: [ '0.5.6', '1.0.4' ],
52 silly audit   mnemonist: [ '0.38.5' ],
52 silly audit   mocha: [ '10.8.2' ],
52 silly audit   readdirp: [ '3.6.0', '4.1.2' ],
52 silly audit   ms: [ '2.1.3' ],
52 silly audit   'neo-async': [ '2.6.2' ],
52 silly audit   'node-addon-api': [ '2.0.2', '5.1.0' ],
52 silly audit   'node-emoji': [ '1.11.0' ],
52 silly audit   'node-gyp-build': [ '4.8.4' ],
52 silly audit   nofilter: [ '3.1.0' ],
52 silly audit   nopt: [ '3.0.6' ],
52 silly audit   'normalize-path': [ '3.0.0' ],
52 silly audit   'number-to-bn': [ '1.7.0' ],
52 silly audit   'object-inspect': [ '1.13.4' ],
52 silly audit   'object-assign': [ '4.1.1' ],
52 silly audit   once: [ '1.4.0' ],
52 silly audit   obliterator: [ '2.0.5' ],
52 silly audit   ordinal: [ '1.0.3' ],
52 silly audit   optionator: [ '0.8.3' ],
52 silly audit   'os-tmpdir': [ '1.0.2' ],
52 silly audit   'p-locate': [ '5.0.0' ],
52 silly audit   'p-limit': [ '3.1.0' ],
52 silly audit   'p-map': [ '4.0.0' ],
52 silly audit   'path-exists': [ '4.0.0' ],
52 silly audit   'parse-cache-control': [ '1.0.1' ],
52 silly audit   'path-is-absolute': [ '1.0.1' ],
52 silly audit   'path-parse': [ '1.0.7' ],
52 silly audit   'path-type': [ '4.0.0' ],
52 silly audit   pathval: [ '1.1.1' ],
52 silly audit   pbkdf2: [ '3.1.3' ],
52 silly audit   ripemd160: [ '2.0.1', '2.0.2' ],
52 silly audit   picomatch: [ '2.3.1', '4.0.2' ],
52 silly audit   'possible-typed-array-names': [ '1.1.0' ],
52 silly audit   pify: [ '4.0.1' ],
52 silly audit   picocolors: [ '1.1.1' ],
52 silly audit   'prelude-ls': [ '1.1.2' ],
52 silly audit   promise: [ '8.3.0' ],
52 silly audit   qs: [ '6.14.0' ],
52 silly audit   prettier: [ '2.8.8' ],
52 silly audit   'kind-of': [ '6.0.3' ],
52 silly audit   'queue-microtask': [ '1.2.3' ],
52 silly audit   'raw-body': [ '2.5.2' ],
52 silly audit   randombytes: [ '2.1.0' ],
52 silly audit   'proxy-from-env': [ '1.1.0' ],
52 silly audit   rechoir: [ '0.6.2' ],
52 silly audit   'reduce-flatten': [ '2.0.0' ],
52 silly audit   'recursive-readdir': [ '2.2.3' ],
52 silly audit   'req-cwd': [ '2.0.0' ],
52 silly audit   'req-from': [ '2.0.0' ],
52 silly audit   'require-from-string': [ '2.0.2' ],
52 silly audit   resolve: [ '1.17.0', '1.1.7' ],
52 silly audit   'require-directory': [ '2.1.1' ],
52 silly audit   reusify: [ '1.1.0' ],
52 silly audit   rlp: [ '2.2.7' ],
52 silly audit   'run-parallel': [ '1.2.0' ],
52 silly audit   'sc-istanbul': [ '0.4.6' ],
52 silly audit   'resolve-from': [ '3.0.0' ],
52 silly audit   'scrypt-js': [ '3.0.1' ],
52 silly audit   'safer-buffer': [ '2.1.2' ],
52 silly audit   secp256k1: [ '4.0.4' ],
52 silly audit   semver: [ '6.3.1', '5.7.2', '7.7.2' ],
52 silly audit   'serialize-javascript': [ '6.0.2' ],
52 silly audit   'set-function-length': [ '1.2.2' ],
52 silly audit   setimmediate: [ '1.0.5' ],
52 silly audit   setprototypeof: [ '1.2.0' ],
52 silly audit   'sha.js': [ '2.4.12' ],
52 silly audit   'side-channel': [ '1.1.0' ],
52 silly audit   shelljs: [ '0.8.5' ],
52 silly audit   'side-channel-list': [ '1.0.0' ],
52 silly audit   'side-channel-weakmap': [ '1.0.2' ],
52 silly audit   sha1: [ '1.1.1' ],
52 silly audit   slash: [ '3.0.0' ],
52 silly audit   solc: [ '0.8.26' ],
52 silly audit   'solidity-coverage': [ '0.8.16' ],
52 silly audit   '@solidity-parser/parser': [ '0.20.1', '0.14.5' ],
52 silly audit   'source-map-support': [ '0.5.21' ],
52 silly audit   'sprintf-js': [ '1.0.3' ],
52 silly audit   'slice-ansi': [ '4.0.0' ],
52 silly audit   'side-channel-map': [ '1.0.1' ],
52 silly audit   'stacktrace-parser': [ '0.1.11' ],
52 silly audit   'string-format': [ '2.0.0' ],
52 silly audit   statuses: [ '2.0.1' ],
52 silly audit   'strip-hex-prefix': [ '1.0.0' ],
52 silly audit   'strip-json-comments': [ '3.1.1' ],
52 silly audit   'sync-request': [ '6.1.0' ],
52 silly audit   table: [ '6.9.0' ],
52 silly audit   'table-layout': [ '1.0.2' ],
52 silly audit   'sync-rpc': [ '1.3.6' ],
52 silly audit   'then-request': [ '6.0.2' ],
52 silly audit   tinyglobby: [ '0.2.14' ],
52 silly audit   fdir: [ '6.4.6' ],
52 silly audit   'to-buffer': [ '1.2.1' ],
52 silly audit   toidentifier: [ '1.0.1' ],
52 silly audit   'ts-command-line-args': [ '2.5.1' ],
52 silly audit   tmp: [ '0.0.33' ],
52 silly audit   'ts-essentials': [ '7.0.3' ],
52 silly audit   'ts-node': [ '10.9.2' ],
52 silly audit   'to-regex-range': [ '5.0.1' ],
52 silly audit   tslib: [ '2.7.0', '1.14.1', '2.4.0' ],
52 silly audit   tsort: [ '0.0.1' ],
52 silly audit   'type-check': [ '0.3.2' ],
52 silly audit   'type-detect': [ '4.1.0' ],
52 silly audit   'typed-array-buffer': [ '1.0.3' ],
52 silly audit   typedarray: [ '0.0.6' ],
52 silly audit   typechain: [ '8.3.2' ],
52 silly audit   typescript: [ '5.8.3' ],
52 silly audit   'uglify-js': [ '3.19.3' ],
52 silly audit   undici: [ '5.29.0' ],
52 silly audit   utf8: [ '3.0.0' ],
52 silly audit   'util-deprecate': [ '1.0.2' ],
52 silly audit   uuid: [ '8.3.2' ],
52 silly audit   'v8-compile-cache-lib': [ '3.0.1' ],
52 silly audit   which: [ '1.3.1' ],
52 silly audit   'web3-utils': [ '1.10.4' ],
52 silly audit   '@ethereumjs/rlp': [ '4.0.1', '5.0.2' ],
52 silly audit   '@ethereumjs/util': [ '8.1.0', '9.1.0' ],
52 silly audit   'which-typed-array': [ '1.1.19' ],
52 silly audit   'widest-line': [ '3.1.0' ],
52 silly audit   'word-wrap': [ '1.2.5' ],
52 silly audit   wordwrap: [ '1.0.0' ],
52 silly audit   workerpool: [ '6.5.1' ],
52 silly audit   'wrap-ansi': [ '7.0.0' ],
52 silly audit   wrappy: [ '1.0.2' ],
52 silly audit   wordwrapjs: [ '4.0.1' ],
52 silly audit   y18n: [ '5.0.8' ],
52 silly audit   'yargs-parser': [ '20.2.9' ],
52 silly audit   'yargs-unparser': [ '2.0.0' ],
52 silly audit   unpipe: [ '1.0.0' ],
52 silly audit   yn: [ '3.1.1' ],
52 silly audit   yargs: [ '16.2.0' ],
52 silly audit   'process-nextick-args': [ '2.0.1' ],
52 silly audit   'yocto-queue': [ '0.1.0' ],
52 silly audit   '@cspotcode/source-map-support': [ '0.8.1' ],
52 silly audit   '@ethersproject/abi': [ '5.8.0' ],
52 silly audit   '@ethersproject/abstract-provider': [ '5.8.0' ],
52 silly audit   '@ethersproject/abstract-signer': [ '5.8.0' ],
52 silly audit   '@ethersproject/address': [ '5.8.0' ],
52 silly audit   '@ethersproject/base64': [ '5.8.0' ],
52 silly audit   '@ethersproject/basex': [ '5.8.0' ],
52 silly audit   '@ethersproject/bignumber': [ '5.8.0' ],
52 silly audit   '@ethersproject/bytes': [ '5.8.0' ],
52 silly audit   '@ethersproject/constants': [ '5.8.0' ],
52 silly audit   '@ethersproject/contracts': [ '5.8.0' ],
52 silly audit   '@ethersproject/hdnode': [ '5.8.0' ],
52 silly audit   '@ethersproject/json-wallets': [ '5.8.0' ],
52 silly audit   '@ethersproject/keccak256': [ '5.8.0' ],
52 silly audit   '@ethersproject/logger': [ '5.8.0' ],
52 silly audit   '@ethersproject/networks': [ '5.8.0' ],
52 silly audit   '@ethersproject/hash': [ '5.8.0' ],
52 silly audit   '@ethersproject/pbkdf2': [ '5.8.0' ],
52 silly audit   '@ethersproject/properties': [ '5.8.0' ],
52 silly audit   '@ethersproject/random': [ '5.8.0' ],
52 silly audit   '@ethersproject/rlp': [ '5.8.0' ],
52 silly audit   '@ethersproject/signing-key': [ '5.8.0' ],
52 silly audit   '@ethersproject/sha2': [ '5.8.0' ],
52 silly audit   '@ethersproject/solidity': [ '5.8.0' ],
52 silly audit   '@ethersproject/strings': [ '5.8.0' ],
52 silly audit   '@ethersproject/transactions': [ '5.8.0' ],
52 silly audit   '@ethersproject/units': [ '5.8.0' ],
52 silly audit   '@ethersproject/wallet': [ '5.8.0' ],
52 silly audit   '@ethersproject/web': [ '5.8.0' ],
52 silly audit   '@ethersproject/wordlists': [ '5.8.0' ],
52 silly audit   '@ethersproject/providers': [ '5.8.0' ],
52 silly audit   '@fastify/busboy': [ '2.1.1' ],
52 silly audit   '@noble/secp256k1': [ '1.7.1' ],
52 silly audit   '@jridgewell/resolve-uri': [ '3.1.2' ],
52 silly audit   '@nodelib/fs.scandir': [ '2.1.5' ],
52 silly audit   '@nodelib/fs.stat': [ '2.0.5' ],
52 silly audit   '@nodelib/fs.walk': [ '1.2.8' ],
52 silly audit   '@nomicfoundation/edr': [ '0.11.3' ],
52 silly audit   '@jridgewell/sourcemap-codec': [ '1.5.4' ],
52 silly audit   '@jridgewell/trace-mapping': [ '0.3.9' ],
52 silly audit   '@nomicfoundation/edr-darwin-x64': [ '0.11.3' ],
52 silly audit   '@nomicfoundation/edr-linux-arm64-musl': [ '0.11.3' ],
52 silly audit   '@nomicfoundation/edr-win32-x64-msvc': [ '0.11.3' ],
52 silly audit   '@nomicfoundation/edr-linux-x64-musl': [ '0.11.3' ],
52 silly audit   '@nomicfoundation/edr-linux-arm64-gnu': [ '0.11.3' ],
52 silly audit   '@nomicfoundation/edr-darwin-arm64': [ '0.11.3' ],
52 silly audit   '@nomicfoundation/hardhat-chai-matchers': [ '2.0.9' ],
52 silly audit   '@nomicfoundation/hardhat-toolbox': [ '4.0.0' ],
52 silly audit   '@nomicfoundation/edr-linux-x64-gnu': [ '0.11.3' ],
52 silly audit   '@nomicfoundation/hardhat-network-helpers': [ '1.0.13' ],
52 silly audit   '@nomicfoundation/hardhat-ethers': [ '3.0.9' ],
52 silly audit   '@nomicfoundation/hardhat-verify': [ '2.0.14' ],
52 silly audit   '@nomicfoundation/solidity-analyzer-darwin-x64': [ '0.1.2' ],
52 silly audit   '@nomicfoundation/solidity-analyzer-darwin-arm64': [ '0.1.2' ],
52 silly audit   '@nomicfoundation/solidity-analyzer': [ '0.1.2' ],
52 silly audit   '@nomicfoundation/solidity-analyzer-linux-arm64-musl': [ '0.1.2' ],
52 silly audit   '@nomicfoundation/solidity-analyzer-linux-x64-gnu': [ '0.1.2' ],
52 silly audit   '@nomicfoundation/solidity-analyzer-linux-x64-musl': [ '0.1.2' ],
52 silly audit   '@nomicfoundation/solidity-analyzer-win32-x64-msvc': [ '0.1.2' ],
52 silly audit   '@openzeppelin/contracts': [ '5.3.0' ],
52 silly audit   '@nomicfoundation/solidity-analyzer-linux-arm64-gnu': [ '0.1.2' ],
52 silly audit   '@sentry/core': [ '5.30.0' ],
52 silly audit   '@sentry/hub': [ '5.30.0' ],
52 silly audit   '@sentry/minimal': [ '5.30.0' ],
52 silly audit   '@sentry/tracing': [ '5.30.0' ],
52 silly audit   '@sentry/types': [ '5.30.0' ],
52 silly audit   '@sentry/node': [ '5.30.0' ],
52 silly audit   '@sentry/utils': [ '5.30.0' ],
52 silly audit   '@tsconfig/node14': [ '1.0.3' ],
52 silly audit   '@tsconfig/node12': [ '1.0.11' ],
52 silly audit   '@tsconfig/node10': [ '1.0.11' ],
52 silly audit   '@typechain/ethers-v6': [ '0.5.1' ],
52 silly audit   '@types/bn.js': [ '5.2.0' ],
52 silly audit   '@types/chai': [ '4.3.20' ],
52 silly audit   '@types/chai-as-promised': [ '7.1.8' ],
52 silly audit   '@types/concat-stream': [ '1.6.1' ],
52 silly audit   '@types/form-data': [ '0.0.33' ],
52 silly audit   '@tsconfig/node16': [ '1.0.4' ],
52 silly audit   '@types/glob': [ '7.2.0' ],
52 silly audit   '@types/lru-cache': [ '5.1.1' ],
52 silly audit   '@types/minimatch': [ '5.1.2' ],
52 silly audit   '@types/mocha': [ '10.0.10' ],
52 silly audit   '@types/pbkdf2': [ '3.1.2' ],
52 silly audit   '@types/qs': [ '6.14.0' ],
52 silly audit   '@types/prettier': [ '2.7.3' ],
52 silly audit   '@typechain/hardhat': [ '9.1.0' ],
52 silly audit   '@types/secp256k1': [ '4.0.6' ],
52 silly audit   '@adraffy/ens-normalize': [ '1.10.0' ]
52 silly audit }
53 silly tarball no local data for @adraffy/ens-normalize@https://registry.npmmirror.com/@adraffy/ens-normalize/-/ens-normalize-1.10.0.tgz. Extracting by manifest.
54 silly tarball no local data for ethers@https://registry.npmmirror.com/ethers/-/ethers-6.8.1.tgz. Extracting by manifest.
55 silly tarball no local data for ws@https://registry.npmmirror.com/ws/-/ws-8.5.0.tgz. Extracting by manifest.
56 silly tarball no local data for @types/node@https://registry.npmmirror.com/@types/node/-/node-18.15.13.tgz. Extracting by manifest.
57 silly tarball no local data for tslib@https://registry.npmmirror.com/tslib/-/tslib-2.4.0.tgz. Extracting by manifest.
58 http fetch POST 404 https://registry.npmmirror.com/-/npm/v1/security/advisories/bulk 1100ms
59 silly audit bulk request failed [object Object]
60 http fetch POST 404 https://registry.npmmirror.com/-/npm/v1/security/audits/quick 31ms
61 verbose audit error HttpErrorGeneral: 404 Not Found - POST https://registry.npmmirror.com/-/npm/v1/security/audits/quick - [NOT_IMPLEMENTED] /-/npm/v1/security/* not implemented yet
61 verbose audit error     at /Users/apple/.nvm/versions/node/v23.3.0/lib/node_modules/npm/node_modules/npm-registry-fetch/lib/check-response.js:95:15
61 verbose audit error     at process.processTicksAndRejections (node:internal/process/task_queues:105:5)
61 verbose audit error     at async [getReport] (/Users/apple/.nvm/versions/node/v23.3.0/lib/node_modules/npm/node_modules/@npmcli/arborist/lib/audit-report.js:336:21)
61 verbose audit error     at async AuditReport.run (/Users/apple/.nvm/versions/node/v23.3.0/lib/node_modules/npm/node_modules/@npmcli/arborist/lib/audit-report.js:106:19) {
61 verbose audit error   headers: [Object: null prototype] {
61 verbose audit error     server: [ 'Tengine' ],
61 verbose audit error     date: [ 'Sat, 05 Jul 2025 09:43:19 GMT' ],
61 verbose audit error     'content-type': [ 'application/json' ],
61 verbose audit error     'transfer-encoding': [ 'chunked' ],
61 verbose audit error     connection: [ 'keep-alive' ],
61 verbose audit error     'strict-transport-security': [ 'max-age=5184000' ],
61 verbose audit error     via: [ 'ens-cache7.fr5[,404666]' ],
61 verbose audit error     'timing-allow-origin': [ '*' ],
61 verbose audit error     eagleid: [ '2ff6319b17517085994837347e' ],
61 verbose audit error     'x-fetch-attempts': [ '1' ]
61 verbose audit error   },
61 verbose audit error   statusCode: 404,
61 verbose audit error   code: 'E404',
61 verbose audit error   method: 'POST',
61 verbose audit error   uri: 'https://registry.npmmirror.com/-/npm/v1/security/audits/quick',
61 verbose audit error   body: {
61 verbose audit error     error: '[NOT_IMPLEMENTED] /-/npm/v1/security/* not implemented yet'
61 verbose audit error   },
61 verbose audit error   pkgid: undefined
61 verbose audit error }
62 silly audit error [object Object]
63 silly audit report null
64 http fetch GET 200 https://cdn.npmmirror.com/packages/ws/8.5.0/ws-8.5.0.tgz 1742ms (cache miss)
65 http fetch GET 200 https://cdn.npmmirror.com/packages/%40adraffy/ens-normalize/1.10.0/ens-normalize-1.10.0.tgz 1973ms (cache miss)
66 http fetch GET 200 https://cdn.npmmirror.com/packages/tslib/2.4.0/tslib-2.4.0.tgz 1880ms (cache miss)
67 http fetch GET 200 https://cdn.npmmirror.com/packages/%40types/node/18.15.13/node-18.15.13.tgz 3617ms (cache miss)
68 http fetch GET 200 https://cdn.npmmirror.com/packages/ethers/6.8.1/ethers-6.8.1.tgz 5009ms (cache miss)
69 silly CHANGE node_modules/@adraffy/ens-normalize
70 silly CHANGE node_modules/ethers
71 silly ADD node_modules/ethers/node_modules/ws
72 silly ADD node_modules/ethers/node_modules/tslib
73 silly CHANGE node_modules/ethers/node_modules/@types/node
74 silly REMOVE node_modules/ethers/node_modules/undici-types
75 verbose cwd /Users/apple/Desktop/AAsharing/contracts
76 verbose os Darwin 23.1.0
77 verbose node v23.3.0
78 verbose npm  v10.9.0
79 verbose exit 0
80 info ok
